app/build/intermediates/manifest_merge_blame_file/release/processReleaseMainManifest/manifest-merger-blame-release-report.txt
1<?xml version="1.0" encoding="utf-8"?>
2<!--
3    Copyright 2019 Google Inc. All Rights Reserved.
4
5     Licensed under the Apache License, Version 2.0 (the "License");
6     you may not use this file except in compliance with the License.
7     You may obtain a copy of the License at
8
9         http://www.apache.org/licenses/LICENSE-2.0
10
11     Unless required by applicable law or agreed to in writing, software
12     distributed under the License is distributed on an "AS IS" BASIS,
13     WITHOUT WARRANTIES OR CONDITIONS OF ANY KIND, either express or implied.
14     See the License for the specific language governing permissions and
15     limitations under the License.
16-->
17<!--
18 The "package" attribute is rewritten by the Gradle build with the value of applicationId.
19     It is still required here, as it is used to derive paths, for instance when referring
20     to an Activity by ".MyActivity" instead of the full name. If more Activities are added to the
21     application, the package attribute will need to reflect the correct path in order to use
22     the abbreviated format.
23-->
24<manifest xmlns:android="http://schemas.android.com/apk/res/android"
25    package="com.onrender.ondfly.twa"
26    android:versionCode="1"
27    android:versionName="1" >
28
29    <uses-sdk
30        android:minSdkVersion="21"
31        android:targetSdkVersion="35" />
32
33    <uses-permission android:name="android.permission.POST_NOTIFICATIONS" />
33-->src\main\AndroidManifest.xml:26:9-80
33-->src\main\AndroidManifest.xml:26:26-78
34    <uses-permission android:name="android.permission.ACCESS_FINE_LOCATION" />
34-->[com.google.androidbrowserhelper:locationdelegation:1.1.2] AndroidManifest.xml:7:5-79
34-->[com.google.androidbrowserhelper:locationdelegation:1.1.2] AndroidManifest.xml:7:22-76
35    <uses-permission android:name="android.permission.ACCESS_COARSE_LOCATION" />
35-->[com.google.androidbrowserhelper:locationdelegation:1.1.2] AndroidManifest.xml:8:5-81
35-->[com.google.androidbrowserhelper:locationdelegation:1.1.2] AndroidManifest.xml:8:22-78
36
37    <queries>
37-->[com.google.androidbrowserhelper:androidbrowserhelper:2.6.1] AndroidManifest.xml:22:5-30:15
38        <intent>
38-->[com.google.androidbrowserhelper:androidbrowserhelper:2.6.1] AndroidManifest.xml:23:9-29:18
39            <action android:name="android.intent.action.VIEW" />
39-->src\main\AndroidManifest.xml:153:17-68
39-->src\main\AndroidManifest.xml:153:25-66
40
41            <category android:name="android.intent.category.BROWSABLE" />
41-->src\main\AndroidManifest.xml:155:17-77
41-->src\main\AndroidManifest.xml:155:27-75
42
43            <data android:scheme="https" />
43-->src\main\AndroidManifest.xml:142:25-63
43-->src\main\AndroidManifest.xml:156:23-45
44        </intent>
45        <intent>
45-->[com.android.billingclient:billing:6.2.1] AndroidManifest.xml:13:9-15:18
46            <action android:name="com.android.vending.billing.InAppBillingService.BIND" />
46-->[com.android.billingclient:billing:6.2.1] AndroidManifest.xml:14:13-91
46-->[com.android.billingclient:billing:6.2.1] AndroidManifest.xml:14:21-88
47        </intent>
48    </queries>
49
50    <uses-permission android:name="com.android.vending.BILLING" />
50-->[com.android.billingclient:billing:6.2.1] AndroidManifest.xml:10:5-67
50-->[com.android.billingclient:billing:6.2.1] AndroidManifest.xml:10:22-64
51
52    <permission
52-->[androidx.core:core:1.13.0] AndroidManifest.xml:22:5-24:47
53        android:name="com.onrender.ondfly.twa.DYNAMIC_RECEIVER_NOT_EXPORTED_PERMISSION"
53-->[androidx.core:core:1.13.0] AndroidManifest.xml:23:9-81
54        android:protectionLevel="signature" />
54-->[androidx.core:core:1.13.0] AndroidManifest.xml:24:9-44
55
56    <uses-permission android:name="com.onrender.ondfly.twa.DYNAMIC_RECEIVER_NOT_EXPORTED_PERMISSION" /> <!-- Although the *SdkVersion is captured in gradle build files, this is required for non gradle builds -->
56-->[androidx.core:core:1.13.0] AndroidManifest.xml:26:5-97
56-->[androidx.core:core:1.13.0] AndroidManifest.xml:26:22-94
57    <!-- <uses-sdk android:minSdkVersion="14"/> -->
58    <uses-permission android:name="android.permission.ACCESS_NETWORK_STATE" />
58-->[com.google.android.datatransport:transport-backend-cct:3.1.8] AndroidManifest.xml:24:5-79
58-->[com.google.android.datatransport:transport-backend-cct:3.1.8] AndroidManifest.xml:24:22-76
59    <uses-permission android:name="android.permission.INTERNET" />
59-->[com.google.android.datatransport:transport-backend-cct:3.1.8] AndroidManifest.xml:25:5-67
59-->[com.google.android.datatransport:transport-backend-cct:3.1.8] AndroidManifest.xml:25:22-64
60
61    <application
61-->src\main\AndroidManifest.xml:35:5-239:19
62        android:name="com.onrender.ondfly.twa.Application"
62-->src\main\AndroidManifest.xml:36:9-35
63        android:allowBackup="true"
63-->src\main\AndroidManifest.xml:37:9-35
64        android:appComponentFactory="androidx.core.app.CoreComponentFactory"
64-->[androidx.core:core:1.13.0] AndroidManifest.xml:28:18-86
65        android:extractNativeLibs="true"
66        android:icon="@mipmap/ic_launcher"
66-->src\main\AndroidManifest.xml:38:9-43
67        android:label="@string/appName"
67-->src\main\AndroidManifest.xml:39:9-40
68        android:manageSpaceActivity="com.google.androidbrowserhelper.trusted.ManageDataLauncherActivity"
68-->src\main\AndroidManifest.xml:41:9-105
69        android:supportsRtl="true"
69-->src\main\AndroidManifest.xml:43:9-35
70        android:theme="@android:style/Theme.Translucent.NoTitleBar" >
70-->src\main\AndroidManifest.xml:44:9-68
71        <meta-data
71-->src\main\AndroidManifest.xml:46:9-48:58
72            android:name="asset_statements"
72-->src\main\AndroidManifest.xml:47:13-44
73            android:resource="@string/assetStatements" />
73-->src\main\AndroidManifest.xml:48:13-55
74        <meta-data
74-->src\main\AndroidManifest.xml:51:13-53:58
75            android:name="web_manifest_url"
75-->src\main\AndroidManifest.xml:52:17-48
76            android:value="@string/webManifestUrl" />
76-->src\main\AndroidManifest.xml:53:17-55
77        <meta-data
77-->src\main\AndroidManifest.xml:56:9-58:52
78            android:name="twa_generator"
78-->src\main\AndroidManifest.xml:57:13-41
79            android:value="@string/generatorApp" />
79-->src\main\AndroidManifest.xml:58:13-49
80
81        <activity android:name="com.google.androidbrowserhelper.trusted.ManageDataLauncherActivity" >
81-->src\main\AndroidManifest.xml:65:13-69:24
81-->src\main\AndroidManifest.xml:65:23-104
82            <meta-data
82-->src\main\AndroidManifest.xml:66:13-68:53
83                android:name="android.support.customtabs.trusted.MANAGE_SPACE_URL"
83-->src\main\AndroidManifest.xml:67:17-83
84                android:value="@string/launchUrl" />
84-->src\main\AndroidManifest.xml:68:17-50
85        </activity>
86        <activity
86-->src\main\AndroidManifest.xml:72:9-172:20
87            android:name="com.onrender.ondfly.twa.LauncherActivity"
87-->src\main\AndroidManifest.xml:72:19-50
88            android:alwaysRetainTaskState="true"
88-->src\main\AndroidManifest.xml:73:13-49
89            android:exported="true"
89-->src\main\AndroidManifest.xml:75:13-36
90            android:label="@string/launcherName" >
90-->src\main\AndroidManifest.xml:74:13-49
91            <meta-data
91-->src\main\AndroidManifest.xml:76:13-77:53
92                android:name="android.support.customtabs.trusted.DEFAULT_URL"
92-->src\main\AndroidManifest.xml:76:24-85
93                android:value="@string/launchUrl" />
93-->src\main\AndroidManifest.xml:77:17-50
94            <meta-data
94-->src\main\AndroidManifest.xml:79:13-81:58
95                android:name="android.support.customtabs.trusted.STATUS_BAR_COLOR"
95-->src\main\AndroidManifest.xml:80:17-83
96                android:resource="@color/colorPrimary" />
96-->src\main\AndroidManifest.xml:81:17-55
97            <meta-data
97-->src\main\AndroidManifest.xml:85:13-87:62
98                android:name="android.support.customtabs.trusted.STATUS_BAR_COLOR_DARK"
98-->src\main\AndroidManifest.xml:86:17-88
99                android:resource="@color/colorPrimaryDark" />
99-->src\main\AndroidManifest.xml:87:17-59
100            <meta-data
100-->src\main\AndroidManifest.xml:89:13-91:61
101                android:name="android.support.customtabs.trusted.NAVIGATION_BAR_COLOR"
101-->src\main\AndroidManifest.xml:90:17-87
102                android:resource="@color/navigationColor" />
102-->src\main\AndroidManifest.xml:91:17-58
103            <meta-data
103-->src\main\AndroidManifest.xml:93:13-95:65
104                android:name="android.support.customtabs.trusted.NAVIGATION_BAR_COLOR_DARK"
104-->src\main\AndroidManifest.xml:94:17-92
105                android:resource="@color/navigationColorDark" />
105-->src\main\AndroidManifest.xml:95:17-62
106            <meta-data
106-->src\main\AndroidManifest.xml:97:13-99:68
107                android:name="androix.browser.trusted.NAVIGATION_BAR_DIVIDER_COLOR"
107-->src\main\AndroidManifest.xml:98:17-84
108                android:resource="@color/navigationDividerColor" />
108-->src\main\AndroidManifest.xml:99:17-65
109            <meta-data
109-->src\main\AndroidManifest.xml:101:13-103:72
110                android:name="androix.browser.trusted.NAVIGATION_BAR_DIVIDER_COLOR_DARK"
110-->src\main\AndroidManifest.xml:102:17-89
111                android:resource="@color/navigationDividerColorDark" />
111-->src\main\AndroidManifest.xml:103:17-69
112            <meta-data
112-->src\main\AndroidManifest.xml:105:13-106:54
113                android:name="android.support.customtabs.trusted.SPLASH_IMAGE_DRAWABLE"
113-->src\main\AndroidManifest.xml:105:24-95
114                android:resource="@drawable/splash" />
114-->src\main\AndroidManifest.xml:106:17-52
115            <meta-data
115-->src\main\AndroidManifest.xml:108:13-109:60
116                android:name="android.support.customtabs.trusted.SPLASH_SCREEN_BACKGROUND_COLOR"
116-->src\main\AndroidManifest.xml:108:24-104
117                android:resource="@color/backgroundColor" />
117-->src\main\AndroidManifest.xml:109:17-58
118            <meta-data
118-->src\main\AndroidManifest.xml:111:13-112:71
119                android:name="android.support.customtabs.trusted.SPLASH_SCREEN_FADE_OUT_DURATION"
119-->src\main\AndroidManifest.xml:111:24-105
120                android:value="@integer/splashScreenFadeOutDuration" />
120-->src\main\AndroidManifest.xml:112:17-69
121            <meta-data
121-->src\main\AndroidManifest.xml:114:13-115:60
122                android:name="android.support.customtabs.trusted.FILE_PROVIDER_AUTHORITY"
122-->src\main\AndroidManifest.xml:114:24-97
123                android:value="@string/providerAuthority" />
123-->src\main\AndroidManifest.xml:115:17-58
124            <meta-data
124-->src\main\AndroidManifest.xml:117:13-97
125                android:name="android.app.shortcuts"
125-->src\main\AndroidManifest.xml:117:24-60
126                android:resource="@xml/shortcuts" />
126-->src\main\AndroidManifest.xml:117:61-94
127            <meta-data
127-->src\main\AndroidManifest.xml:119:13-120:56
128                android:name="android.support.customtabs.trusted.FALLBACK_STRATEGY"
128-->src\main\AndroidManifest.xml:119:24-91
129                android:value="@string/fallbackType" />
129-->src\main\AndroidManifest.xml:120:17-53
130            <meta-data
130-->src\main\AndroidManifest.xml:123:17-125:61
131                android:name="android.support.customtabs.trusted.METADATA_SHARE_TARGET"
131-->src\main\AndroidManifest.xml:124:21-92
132                android:resource="@string/shareTarget" />
132-->src\main\AndroidManifest.xml:125:21-59
133            <meta-data
133-->src\main\AndroidManifest.xml:130:13-131:54
134                android:name="android.support.customtabs.trusted.SCREEN_ORIENTATION"
134-->src\main\AndroidManifest.xml:130:24-92
135                android:value="@string/orientation" />
135-->src\main\AndroidManifest.xml:131:17-52
136
137            <intent-filter>
137-->src\main\AndroidManifest.xml:136:17-144:33
138                <action android:name="android.intent.action.SEND" />
138-->src\main\AndroidManifest.xml:138:25-77
138-->src\main\AndroidManifest.xml:138:33-74
139
140                <category android:name="android.intent.category.DEFAULT" />
140-->src\main\AndroidManifest.xml:140:21-80
140-->src\main\AndroidManifest.xml:140:31-77
141
142                <data android:mimeType="text/plain" />
142-->src\main\AndroidManifest.xml:142:25-63
142-->src\main\AndroidManifest.xml:142:31-60
143            </intent-filter>
144            <intent-filter>
144-->src\main\AndroidManifest.xml:147:13-150:29
145                <action android:name="android.intent.action.MAIN" />
145-->src\main\AndroidManifest.xml:148:17-69
145-->src\main\AndroidManifest.xml:148:25-66
146
147                <category android:name="android.intent.category.LAUNCHER" />
147-->src\main\AndroidManifest.xml:149:17-77
147-->src\main\AndroidManifest.xml:149:27-74
148            </intent-filter>
149            <intent-filter android:autoVerify="true" >
149-->src\main\AndroidManifest.xml:152:13-160:29
149-->src\main\AndroidManifest.xml:152:28-53
150                <action android:name="android.intent.action.VIEW" />
150-->src\main\AndroidManifest.xml:153:17-68
150-->src\main\AndroidManifest.xml:153:25-66
151
152                <category android:name="android.intent.category.DEFAULT" />
152-->src\main\AndroidManifest.xml:140:21-80
152-->src\main\AndroidManifest.xml:140:31-77
153                <category android:name="android.intent.category.BROWSABLE" />
153-->src\main\AndroidManifest.xml:155:17-77
153-->src\main\AndroidManifest.xml:155:27-75
154
155                <data
155-->src\main\AndroidManifest.xml:142:25-63
156                    android:host="@string/hostName"
156-->src\main\AndroidManifest.xml:157:21-52
157                    android:scheme="https" />
157-->src\main\AndroidManifest.xml:156:23-45
158            </intent-filter>
159            <intent-filter>
159-->src\main\AndroidManifest.xml:165:17-170:27
160                <action android:name="android.intent.action.VIEW" />
160-->src\main\AndroidManifest.xml:153:17-68
160-->src\main\AndroidManifest.xml:153:25-66
161
162                <category android:name="android.intent.category.DEFAULT" />
162-->src\main\AndroidManifest.xml:140:21-80
162-->src\main\AndroidManifest.xml:140:31-77
163                <category android:name="android.intent.category.BROWSABLE" />
163-->src\main\AndroidManifest.xml:155:17-77
163-->src\main\AndroidManifest.xml:155:27-75
164
165                <data android:scheme="web+task" />
165-->src\main\AndroidManifest.xml:142:25-63
165-->src\main\AndroidManifest.xml:156:23-45
166            </intent-filter>
167        </activity>
168        <activity android:name="com.google.androidbrowserhelper.trusted.FocusActivity" />
168-->src\main\AndroidManifest.xml:174:9-90
168-->src\main\AndroidManifest.xml:174:19-87
169        <activity
169-->src\main\AndroidManifest.xml:176:9-177:62
170            android:name="com.google.androidbrowserhelper.trusted.WebViewFallbackActivity"
170-->src\main\AndroidManifest.xml:176:19-97
171            android:configChanges="orientation|screenSize" />
171-->src\main\AndroidManifest.xml:177:13-59
172
173        <provider
173-->src\main\AndroidManifest.xml:179:9-187:20
174            android:name="androidx.core.content.FileProvider"
174-->src\main\AndroidManifest.xml:180:13-62
175            android:authorities="@string/providerAuthority"
175-->src\main\AndroidManifest.xml:181:13-60
176            android:exported="false"
176-->src\main\AndroidManifest.xml:183:13-37
177            android:grantUriPermissions="true" >
177-->src\main\AndroidManifest.xml:182:13-47
178            <meta-data
178-->src\main\AndroidManifest.xml:184:13-186:53
179                android:name="android.support.FILE_PROVIDER_PATHS"
179-->src\main\AndroidManifest.xml:185:17-67
180                android:resource="@xml/filepaths" />
180-->src\main\AndroidManifest.xml:186:17-50
181        </provider>
182
183        <service
183-->src\main\AndroidManifest.xml:189:9-204:19
184            android:name="com.onrender.ondfly.twa.DelegationService"
184-->src\main\AndroidManifest.xml:190:13-46
185            android:enabled="@bool/enableNotification"
185-->src\main\AndroidManifest.xml:191:13-55
186            android:exported="@bool/enableNotification" >
186-->src\main\AndroidManifest.xml:192:13-56
187            <meta-data
187-->src\main\AndroidManifest.xml:195:17-197:73
188                android:name="android.support.customtabs.trusted.SMALL_ICON"
188-->src\main\AndroidManifest.xml:196:21-81
189                android:resource="@drawable/ic_notification_icon" />
189-->src\main\AndroidManifest.xml:197:21-70
190
191            <intent-filter>
191-->src\main\AndroidManifest.xml:200:13-203:29
192                <action android:name="android.support.customtabs.trusted.TRUSTED_WEB_ACTIVITY_SERVICE" />
192-->src\main\AndroidManifest.xml:201:17-105
192-->src\main\AndroidManifest.xml:201:25-103
193
194                <category android:name="android.intent.category.DEFAULT" />
194-->src\main\AndroidManifest.xml:140:21-80
194-->src\main\AndroidManifest.xml:140:31-77
195            </intent-filter>
196        </service>
197
198        <activity android:name="com.google.androidbrowserhelper.trusted.NotificationPermissionRequestActivity" />
198-->src\main\AndroidManifest.xml:207:13-118
198-->src\main\AndroidManifest.xml:207:23-115
199        <activity android:name="com.google.androidbrowserhelper.locationdelegation.PermissionRequestActivity" />
199-->src\main\AndroidManifest.xml:211:13-212:89
199-->src\main\AndroidManifest.xml:211:23-123
200        <activity
200-->src\main\AndroidManifest.xml:215:9-228:20
201            android:name="com.google.androidbrowserhelper.playbilling.provider.PaymentActivity"
201-->src\main\AndroidManifest.xml:216:13-96
202            android:configChanges="keyboardHidden|keyboard|orientation|screenLayout|screenSize"
202-->src\main\AndroidManifest.xml:218:13-96
203            android:exported="true"
203-->src\main\AndroidManifest.xml:219:13-36
204            android:theme="@android:style/Theme.Translucent.NoTitleBar" >
204-->src\main\AndroidManifest.xml:217:13-72
205            <intent-filter>
205-->src\main\AndroidManifest.xml:221:13-223:29
206                <action android:name="org.chromium.intent.action.PAY" />
206-->src\main\AndroidManifest.xml:222:17-73
206-->src\main\AndroidManifest.xml:222:25-70
207            </intent-filter>
208
209            <meta-data
209-->src\main\AndroidManifest.xml:225:13-227:67
210                android:name="org.chromium.default_payment_method_name"
210-->src\main\AndroidManifest.xml:226:17-72
211                android:value="https://play.google.com/billing" />
211-->src\main\AndroidManifest.xml:227:17-64
212        </activity>
213
214        <!-- This service checks who calls it at runtime. -->
215        <service
215-->src\main\AndroidManifest.xml:231:9-237:19
216            android:name="com.google.androidbrowserhelper.playbilling.provider.PaymentService"
216-->src\main\AndroidManifest.xml:232:13-95
217            android:exported="true" >
217-->src\main\AndroidManifest.xml:233:13-36
218            <intent-filter>
218-->src\main\AndroidManifest.xml:234:13-236:29
219                <action android:name="org.chromium.intent.action.IS_READY_TO_PAY" />
219-->src\main\AndroidManifest.xml:235:17-85
219-->src\main\AndroidManifest.xml:235:25-82
220            </intent-filter>
221        </service>
222
223        <meta-data
223-->[com.android.billingclient:billing:6.2.1] AndroidManifest.xml:19:9-21:37
224            android:name="com.google.android.play.billingclient.version"
224-->[com.android.billingclient:billing:6.2.1] AndroidManifest.xml:20:13-73
225            android:value="6.2.1" />
225-->[com.android.billingclient:billing:6.2.1] AndroidManifest.xml:21:13-34
226
227        <activity
227-->[com.android.billingclient:billing:6.2.1] AndroidManifest.xml:23:9-27:75
228            android:name="com.android.billingclient.api.ProxyBillingActivity"
228-->[com.android.billingclient:billing:6.2.1] AndroidManifest.xml:24:13-78
229            android:configChanges="keyboard|keyboardHidden|screenLayout|screenSize|orientation"
229-->[com.android.billingclient:billing:6.2.1] AndroidManifest.xml:25:13-96
230            android:exported="false"
230-->[com.android.billingclient:billing:6.2.1] AndroidManifest.xml:26:13-37
231            android:theme="@android:style/Theme.Translucent.NoTitleBar" />
231-->[com.android.billingclient:billing:6.2.1] AndroidManifest.xml:27:13-72
232        <activity
232-->[com.android.billingclient:billing:6.2.1] AndroidManifest.xml:28:9-32:75
233            android:name="com.android.billingclient.api.ProxyBillingActivityV2"
233-->[com.android.billingclient:billing:6.2.1] AndroidManifest.xml:29:13-80
234            android:configChanges="keyboard|keyboardHidden|screenLayout|screenSize|orientation"
234-->[com.android.billingclient:billing:6.2.1] AndroidManifest.xml:30:13-96
235            android:exported="false"
235-->[com.android.billingclient:billing:6.2.1] AndroidManifest.xml:31:13-37
236            android:theme="@android:style/Theme.Translucent.NoTitleBar" />
236-->[com.android.billingclient:billing:6.2.1] AndroidManifest.xml:32:13-72
237        <activity
237-->[com.google.android.gms:play-services-base:18.3.0] AndroidManifest.xml:20:9-22:45
238            android:name="com.google.android.gms.common.api.GoogleApiActivity"
238-->[com.google.android.gms:play-services-base:18.3.0] AndroidManifest.xml:20:19-85
239            android:exported="false"
239-->[com.google.android.gms:play-services-base:18.3.0] AndroidManifest.xml:22:19-43
240            android:theme="@android:style/Theme.Translucent.NoTitleBar" />
240-->[com.google.android.gms:play-services-base:18.3.0] AndroidManifest.xml:21:19-78
241
242        <meta-data
242-->[com.google.android.gms:play-services-basement:18.3.0] AndroidManifest.xml:21:9-23:69
243            android:name="com.google.android.gms.version"
243-->[com.google.android.gms:play-services-basement:18.3.0] AndroidManifest.xml:22:13-58
244            android:value="@integer/google_play_services_version" />
244-->[com.google.android.gms:play-services-basement:18.3.0] AndroidManifest.xml:23:13-66
245
246        <provider
246-->[androidx.emoji2:emoji2:1.3.0] AndroidManifest.xml:24:9-32:20
247            android:name="androidx.startup.InitializationProvider"
247-->[androidx.emoji2:emoji2:1.3.0] AndroidManifest.xml:25:13-67
248            android:authorities="com.onrender.ondfly.twa.androidx-startup"
248-->[androidx.emoji2:emoji2:1.3.0] AndroidManifest.xml:26:13-68
249            android:exported="false" >
249-->[androidx.emoji2:emoji2:1.3.0] AndroidManifest.xml:27:13-37
250            <meta-data
250-->[androidx.emoji2:emoji2:1.3.0] AndroidManifest.xml:29:13-31:52
251                android:name="androidx.emoji2.text.EmojiCompatInitializer"
251-->[androidx.emoji2:emoji2:1.3.0] AndroidManifest.xml:30:17-75
252                android:value="androidx.startup" />
252-->[androidx.emoji2:emoji2:1.3.0] AndroidManifest.xml:31:17-49
253            <meta-data
253-->[androidx.lifecycle:lifecycle-process:2.6.2] AndroidManifest.xml:29:13-31:52
254                android:name="androidx.lifecycle.ProcessLifecycleInitializer"
254-->[androidx.lifecycle:lifecycle-process:2.6.2] AndroidManifest.xml:30:17-78
255                android:value="androidx.startup" />
255-->[androidx.lifecycle:lifecycle-process:2.6.2] AndroidManifest.xml:31:17-49
256            <meta-data
256-->[androidx.profileinstaller:profileinstaller:1.3.1] AndroidManifest.xml:29:13-31:52
257                android:name="androidx.profileinstaller.ProfileInstallerInitializer"
257-->[androidx.profileinstaller:profileinstaller:1.3.1] AndroidManifest.xml:30:17-85
258                android:value="androidx.startup" />
258-->[androidx.profileinstaller:profileinstaller:1.3.1] AndroidManifest.xml:31:17-49
259        </provider>
260
261        <service
261-->[com.google.android.datatransport:transport-backend-cct:3.1.8] AndroidManifest.xml:28:9-34:19
262            android:name="com.google.android.datatransport.runtime.backends.TransportBackendDiscovery"
262-->[com.google.android.datatransport:transport-backend-cct:3.1.8] AndroidManifest.xml:29:13-103
263            android:exported="false" >
263-->[com.google.android.datatransport:transport-backend-cct:3.1.8] AndroidManifest.xml:30:13-37
264            <meta-data
264-->[com.google.android.datatransport:transport-backend-cct:3.1.8] AndroidManifest.xml:31:13-33:39
265                android:name="backend:com.google.android.datatransport.cct.CctBackendFactory"
265-->[com.google.android.datatransport:transport-backend-cct:3.1.8] AndroidManifest.xml:32:17-94
266                android:value="cct" />
266-->[com.google.android.datatransport:transport-backend-cct:3.1.8] AndroidManifest.xml:33:17-36
267        </service>
268        <service
268-->[com.google.android.datatransport:transport-runtime:3.1.8] AndroidManifest.xml:26:9-30:19
269            android:name="com.google.android.datatransport.runtime.scheduling.jobscheduling.JobInfoSchedulerService"
269-->[com.google.android.datatransport:transport-runtime:3.1.8] AndroidManifest.xml:27:13-117
270            android:exported="false"
270-->[com.google.android.datatransport:transport-runtime:3.1.8] AndroidManifest.xml:28:13-37
271            android:permission="android.permission.BIND_JOB_SERVICE" >
271-->[com.google.android.datatransport:transport-runtime:3.1.8] AndroidManifest.xml:29:13-69
272        </service>
273
274        <receiver
274-->[com.google.android.datatransport:transport-runtime:3.1.8] AndroidManifest.xml:32:9-34:40
275            android:name="com.google.android.datatransport.runtime.scheduling.jobscheduling.AlarmManagerSchedulerBroadcastReceiver"
275-->[com.google.android.datatransport:transport-runtime:3.1.8] AndroidManifest.xml:33:13-132
276            android:exported="false" />
276-->[com.google.android.datatransport:transport-runtime:3.1.8] AndroidManifest.xml:34:13-37
277        <receiver
277-->[androidx.profileinstaller:profileinstaller:1.3.1] AndroidManifest.xml:34:9-52:20
278            android:name="androidx.profileinstaller.ProfileInstallReceiver"
278-->[androidx.profileinstaller:profileinstaller:1.3.1] AndroidManifest.xml:35:13-76
279            android:directBootAware="false"
279-->[androidx.profileinstaller:profileinstaller:1.3.1] AndroidManifest.xml:36:13-44
280            android:enabled="true"
280-->[androidx.profileinstaller:profileinstaller:1.3.1] AndroidManifest.xml:37:13-35
281            android:exported="true"
281-->[androidx.profileinstaller:profileinstaller:1.3.1] AndroidManifest.xml:38:13-36
282            android:permission="android.permission.DUMP" >
282-->[androidx.profileinstaller:profileinstaller:1.3.1] AndroidManifest.xml:39:13-57
283            <intent-filter>
283-->[androidx.profileinstaller:profileinstaller:1.3.1] AndroidManifest.xml:40:13-42:29
284                <action android:name="androidx.profileinstaller.action.INSTALL_PROFILE" />
284-->[androidx.profileinstaller:profileinstaller:1.3.1] AndroidManifest.xml:41:17-91
284-->[androidx.profileinstaller:profileinstaller:1.3.1] AndroidManifest.xml:41:25-88
285            </intent-filter>
286            <intent-filter>
286-->[androidx.profileinstaller:profileinstaller:1.3.1] AndroidManifest.xml:43:13-45:29
287                <action android:name="androidx.profileinstaller.action.SKIP_FILE" />
287-->[androidx.profileinstaller:profileinstaller:1.3.1] AndroidManifest.xml:44:17-85
287-->[androidx.profileinstaller:profileinstaller:1.3.1] AndroidManifest.xml:44:25-82
288            </intent-filter>
289            <intent-filter>
289-->[androidx.profileinstaller:profileinstaller:1.3.1] AndroidManifest.xml:46:13-48:29
290                <action android:name="androidx.profileinstaller.action.SAVE_PROFILE" />
290-->[androidx.profileinstaller:profileinstaller:1.3.1] AndroidManifest.xml:47:17-88
290-->[androidx.profileinstaller:profileinstaller:1.3.1] AndroidManifest.xml:47:25-85
291            </intent-filter>
292            <intent-filter>
292-->[androidx.profileinstaller:profileinstaller:1.3.1] AndroidManifest.xml:49:13-51:29
293                <action android:name="androidx.profileinstaller.action.BENCHMARK_OPERATION" />
293-->[androidx.profileinstaller:profileinstaller:1.3.1] AndroidManifest.xml:50:17-95
293-->[androidx.profileinstaller:profileinstaller:1.3.1] AndroidManifest.xml:50:25-92
294            </intent-filter>
295        </receiver>
296    </application>
297
298</manifest>